Arguments: 
  C:\Program Files\nodejs\node.exe C:\Users\Abui\AppData\Roaming\npm\node_modules\yarn\bin\yarn.js init

PATH: 
  C:\Program Files (x86)\Common Files\Oracle\Java\javapath;C:\WINDOWS\system32;C:\WINDOWS;C:\WINDOWS\System32\Wbem;C:\WINDOWS\System32\WindowsPowerShell\v1.0\;C:\WINDOWS\System32\OpenSSH\;C:\Program Files (x86)\NVIDIA Corporation\PhysX\Common;C:\Program Files\NVIDIA Corporation\NVIDIA NvDLISR;C:\ProgramData\chocolatey\bin;C:\Program Files (x86)\ZeroTier\One\;D:\_PATH_\kubectl;C:\Program Files\Amazon\AWSCLIV2\;C:\Users\Abui\AppData\Roaming\nvm;C:\Program Files\nodejs;D:\laragon\bin\php\php-7.4.19-Win32-vc15-x64;C:\ProgramData\ComposerSetup\bin;C:\Program Files\Cloudflare\Cloudflare WARP;C:\Program Files\Docker\Docker\resources\bin;C:\ProgramData\DockerDesktop\version-bin;D:\Program Files\Go\bin;C:\Program Files\Git\cmd;C:\Users\Abui\AppData\Local\Programs\Python\Python310\Scripts\;C:\Users\Abui\AppData\Local\Programs\Python\Python310\;C:\Users\Abui\AppData\Local\Yarn\config\global\node_modules\.bin;C:\Users\Abui\AppData\Roaming\Composer\vendor\bin;C:\Users\Abui\AppData\Roaming\npm;D:\laragon\bin;D:\laragon\bin\apache\httpd-2.4.47-win64-VS16\bin;D:\laragon\bin\composer;D:\laragon\bin\git\bin;D:\laragon\bin\git\cmd;D:\laragon\bin\git\mingw64\bin;D:\laragon\bin\git\usr\bin;D:\laragon\bin\laragon\utils;D:\laragon\bin\mysql\mysql-5.7.33-winx64\bin;D:\laragon\bin\nginx\nginx-1.19.10;D:\laragon\bin\ngrok;D:\laragon\bin\notepad++;D:\laragon\bin\php\php-7.4.19-Win32-vc15-x64;D:\laragon\bin\postgresql\postgresql-13.2-2\bin;D:\laragon\bin\redis\redis-x64-3.2.100;D:\laragon\bin\telnet;D:\laragon\usr\bin;C:\Users\Abui\AppData\Local\Programs\Python\Python37-32\Scripts\;C:\Users\Abui\AppData\Local\Programs\Python\Python37-32\;C:\Users\Abui\AppData\Local\Microsoft\WindowsApps;C:\Users\Abui\AppData\Local\Programs\Microsoft VS Code\bin;D:\_P;C:\Users\Abui\go\bin

Yarn version: 
  1.22.10

Node version: 
  16.16.0

Platform: 
  win32 x64

Trace: 
  Error: canceled
      at Interface.<anonymous> (C:\Users\Abui\AppData\Roaming\npm\node_modules\yarn\lib\cli.js:136216:13)
      at Interface.emit (node:events:527:28)
      at Interface._ttyWrite (node:readline:1081:16)
      at ReadStream.onkeypress (node:readline:288:10)
      at ReadStream.emit (node:events:527:28)
      at emitKeys (node:internal/readline/utils:358:14)
      at emitKeys.next (<anonymous>)
      at ReadStream.onData (node:internal/readline/emitKeypressEvents:61:36)
      at ReadStream.emit (node:events:527:28)
      at addChunk (node:internal/streams/readable:315:12)

npm manifest: 
  No manifest

yarn manifest: 
  No manifest

Lockfile: 
  No lockfile
